c:\users\nganjehl\desktop\github\vrpong\leapmotionclient\leapmotionclient\x64\release\vc140.pdb
c:\users\nganjehl\desktop\github\vrpong\leapmotionclient\leapmotionclient\x64\release\player.obj
c:\users\nganjehl\desktop\github\vrpong\leapmotionclient\leapmotionclient\x64\release\model.obj
c:\users\nganjehl\desktop\github\vrpong\leapmotionclient\leapmotionclient\x64\release\main.obj
c:\users\nganjehl\desktop\github\vrpong\leapmotionclient\leapmotionclient\x64\release\level.obj
c:\users\nganjehl\desktop\github\vrpong\leapmotionclient\leapmotionclient\x64\release\head.obj
c:\users\nganjehl\desktop\github\vrpong\leapmotionclient\leapmotionclient\x64\release\hand.obj
c:\users\nganjehl\desktop\github\vrpong\leapmotionclient\leapmotionclient\x64\release\ball.obj
c:\users\nganjehl\desktop\github\vrpong\leapmotionclient\leapmotionclient\x64\release\leaplistener.obj
c:\users\nganjehl\desktop\github\vrpong\leapmotionclient\leapmotionclient\x64\release\glad.obj
c:\users\nganjehl\desktop\github\vrpong\leapmotionclient\x64\release\leapmotionclient.exe
c:\users\nganjehl\desktop\github\vrpong\leapmotionclient\x64\release\leapmotionclient.ipdb
c:\users\nganjehl\desktop\github\vrpong\leapmotionclient\x64\release\leapmotionclient.iobj
c:\users\nganjehl\desktop\github\vrpong\leapmotionclient\x64\release\leapmotionclient.pdb
c:\users\nganjehl\desktop\github\vrpong\leapmotionclient\leapmotionclient\x64\release\leapmotionclient.tlog\cl.command.1.tlog
c:\users\nganjehl\desktop\github\vrpong\leapmotionclient\leapmotionclient\x64\release\leapmotionclient.tlog\cl.read.1.tlog
c:\users\nganjehl\desktop\github\vrpong\leapmotionclient\leapmotionclient\x64\release\leapmotionclient.tlog\cl.write.1.tlog
c:\users\nganjehl\desktop\github\vrpong\leapmotionclient\leapmotionclient\x64\release\leapmotionclient.tlog\link.command.1.tlog
c:\users\nganjehl\desktop\github\vrpong\leapmotionclient\leapmotionclient\x64\release\leapmotionclient.tlog\link.read.1.tlog
c:\users\nganjehl\desktop\github\vrpong\leapmotionclient\leapmotionclient\x64\release\leapmotionclient.tlog\link.write.1.tlog
