  C:\Users\nganjehl\Desktop\GitHub\VRPong\leapmotionclient\lib\Leap.dll
  1 File(s) copied
  Hand.cpp
c:\users\nganjehl\desktop\github\vrpong\leapmotionclient\leapmotionclient\Mesh.h(107): warning C4267: 'argument': conversion from 'size_t' to 'GLsizei', possible loss of data
  main.cpp
c:\users\nganjehl\desktop\github\vrpong\leapmotionclient\leapmotionclient\Mesh.h(107): warning C4267: 'argument': conversion from 'size_t' to 'GLsizei', possible loss of data
main.cpp(115): warning C4244: 'initializing': conversion from 'double' to 'float', possible loss of data
main.cpp(238): warning C4267: 'argument': conversion from 'size_t' to 'int', possible loss of data
main.cpp(239): warning C4267: 'argument': conversion from 'size_t' to 'int', possible loss of data
main.cpp(284): warning C4244: '=': conversion from 'double' to 'float', possible loss of data
main.cpp(285): warning C4244: '=': conversion from 'double' to 'float', possible loss of data
main.cpp(289): warning C4244: 'initializing': conversion from 'double' to 'float', possible loss of data
main.cpp(290): warning C4244: 'initializing': conversion from 'double' to 'float', possible loss of data
main.cpp(292): warning C4244: '=': conversion from 'double' to 'float', possible loss of data
main.cpp(293): warning C4244: '=': conversion from 'double' to 'float', possible loss of data
main.cpp(303): warning C4244: 'argument': conversion from 'double' to 'float', possible loss of data
main.cpp(304): warning C4244: 'argument': conversion from 'double' to 'float', possible loss of data
LINK : warning LNK4098: defaultlib 'LIBCMT' conflicts with use of other libs; use /NODEFAULTLIB:library
  Generating code
  19 of 1084 functions ( 1.8%) were compiled, the rest were copied from previous compilation.
    0 functions were new in current compilation
    39 functions had inline decision re-evaluated but remain unchanged
  Finished generating code
  leapmotionclient.vcxproj -> C:\Users\nganjehl\Desktop\GitHub\VRPong\leapmotionclient\x64\Release\leapmotionclient.exe
  leapmotionclient.vcxproj -> C:\Users\nganjehl\Desktop\GitHub\VRPong\leapmotionclient\x64\Release\leapmotionclient.pdb (Full PDB)
  C:\Users\nganjehl\Desktop\GitHub\VRPong\leapmotionclient\lib\Leap.dll
  1 File(s) copied
